#
# An unexpected error has been detected by Java Runtime Environment:
#
#  EXCEPTION_ACCESS_VIOLATION (0xc0000005) at pc=0x05558ca5, pid=2828, tid=3436
#
# Java VM: Java HotSpot(TM) Client VM (1.6.0_01-b06 mixed mode, sharing)
# Problematic frame:
# C  [SQORA32.DLL+0x48ca5]
#
# If you would like to submit a bug report, please visit:
#   http://java.sun.com/webapps/bugreport/crash.jsp
#

---------------  T H R E A D  ---------------

Current thread (0x02b14c00):  JavaThread "AWT-EventQueue-0" [_thread_in_native, id=3436]

siginfo: ExceptionCode=0xc0000005, reading address 0x0a2328fc

Registers:
EAX=0x04f81fd8, EBX=0x002000a0, ECX=0x04f8211c, EDX=0x0a03285c
ESP=0x04f7f074, EBP=0x04f7f094, ESI=0x00000000, EDI=0x000000c1
EIP=0x05558ca5, EFLAGS=0x00010206

Top of Stack: (sp=0x04f7f074)
0x04f7f074:   0a0327a0 0a032860 00000017 00000000
0x04f7f084:   04f8211c 002000a0 05558be8 000000c1
0x04f7f094:   0a0327a0 05556d8a 04f81e90 0a032860
0x04f7f0a4:   0a032860 0551ecb2 0a032860 0a0314a0
0x04f7f0b4:   00000000 0a0313e0 00000001 00000017
0x04f7f0c4:   00000000 0a032780 0551e9f8 0a032930
0x04f7f0d4:   00000002 00000017 00000000 00000000
0x04f7f0e4:   ffffffff 0a0313e0 00000005 05523e8a 

Instructions: (pc=0x05558ca5)
0x05558c95:   89 7d fc 8d 8c 01 44 01 00 00 89 5d f4 89 4d f0
0x05558ca5:   8b 0c 13 f6 c1 01 89 4d f8 75 7f c1 f9 04 6a 3f 


Stack: [0x04f30000,0x04f80000),  sp=0x04f7f074,  free space=316k
Native frames: (J=compiled Java code, j=interpreted, Vv=VM code, C=native code)
C  [SQORA32.DLL+0x48ca5]

Java frames: (J=compiled Java code, j=interpreted, Vv=VM code)
j  sun.jdbc.odbc.JdbcOdbc.getDataString(JI[B[B)I+0
j  sun.jdbc.odbc.JdbcOdbc.SQLGetDataString(JIIZ)Ljava/lang/String;+74
j  sun.jdbc.odbc.JdbcOdbcResultSet.getDataString(IIZ)Ljava/lang/String;+16
j  sun.jdbc.odbc.JdbcOdbcResultSet.getString(I)Ljava/lang/String;+262
j  database.SampleDB.admin_bullion_trans_display()V+222
j  database.SampleDB.admin_insert_bullion_trans(Ljava/lang/String;Ljava/lang/String;Ljava/lang/String;Ljava/lang/String;Ljava/lang/String;Ljava/lang/String;Ljava/lang/String;Ljava/lang/String;)V+1
j  Main.Bullion$AddPanel$1.actionPerformed(Ljava/awt/event/ActionEvent;)V+283
j  javax.swing.AbstractButton.fireActionPerformed(Ljava/awt/event/ActionEvent;)V+84
j  javax.swing.AbstractButton$Handler.actionPerformed(Ljava/awt/event/ActionEvent;)V+5
j  javax.swing.DefaultButtonModel.fireActionPerformed(Ljava/awt/event/ActionEvent;)V+35
j  javax.swing.DefaultButtonModel.setPressed(Z)V+117
j  javax.swing.plaf.basic.BasicButtonListener.mouseReleased(Ljava/awt/event/MouseEvent;)V+35
j  java.awt.Component.processMouseEvent(Ljava/awt/event/MouseEvent;)V+64
j  javax.swing.JComponent.processMouseEvent(Ljava/awt/event/MouseEvent;)V+23
j  java.awt.Component.processEvent(Ljava/awt/AWTEvent;)V+81
j  java.awt.Container.processEvent(Ljava/awt/AWTEvent;)V+18
j  java.awt.Component.dispatchEventImpl(Ljava/awt/AWTEvent;)V+562
j  java.awt.Container.dispatchEventImpl(Ljava/awt/AWTEvent;)V+42
J  java.awt.LightweightDispatcher.retargetMouseEvent(Ljava/awt/Component;ILjava/awt/event/MouseEvent;)V
j  java.awt.LightweightDispatcher.processMouseEvent(Ljava/awt/event/MouseEvent;)Z+139
j  java.awt.LightweightDispatcher.dispatchEvent(Ljava/awt/AWTEvent;)Z+50
j  java.awt.Container.dispatchEventImpl(Ljava/awt/AWTEvent;)V+12
j  java.awt.Window.dispatchEventImpl(Ljava/awt/AWTEvent;)V+19
j  java.awt.Component.dispatchEvent(Ljava/awt/AWTEvent;)V+2
j  java.awt.EventQueue.dispatchEvent(Ljava/awt/AWTEvent;)V+46
J  java.awt.EventDispatchThread.pumpOneEventForFilters(I)Z
j  java.awt.EventDispatchThread.pumpEventsForFilter(ILjava/awt/Conditional;Ljava/awt/EventFilter;)V+30
j  java.awt.EventDispatchThread.pumpEventsForHierarchy(ILjava/awt/Conditional;Ljava/awt/Component;)V+11
j  java.awt.EventDispatchThread.pumpEvents(ILjava/awt/Conditional;)V+4
j  java.awt.EventDispatchThread.pumpEvents(Ljava/awt/Conditional;)V+3
j  java.awt.EventDispatchThread.run()V+9
v  ~StubRoutines::call_stub

---------------  P R O C E S S  ---------------

Java Threads: ( => current thread )
  0x00296000 JavaThread "DestroyJavaVM" [_thread_blocked, id=2444]
  0x05136c00 JavaThread "TimerQueue" daemon [_thread_blocked, id=3768]
=>0x02b14c00 JavaThread "AWT-EventQueue-0" [_thread_in_native, id=3436]
  0x02a9bc00 JavaThread "AWT-Windows" daemon [_thread_in_native, id=2168]
  0x02a9b000 JavaThread "AWT-Shutdown" [_thread_blocked, id=2556]
  0x02a99400 JavaThread "Java2D Disposer" daemon [_thread_blocked, id=3360]
  0x02a5cc00 JavaThread "Low Memory Detector" daemon [_thread_blocked, id=2128]
  0x02a58000 JavaThread "CompilerThread0" daemon [_thread_blocked, id=1748]
  0x02a56c00 JavaThread "Attach Listener" daemon [_thread_blocked, id=3588]
  0x02a56000 JavaThread "Signal Dispatcher" daemon [_thread_blocked, id=2184]
  0x02a4e000 JavaThread "Finalizer" daemon [_thread_blocked, id=3300]
  0x02a4d000 JavaThread "Reference Handler" daemon [_thread_blocked, id=464]

Other Threads:
  0x02a43c00 VMThread [id=3784]
  0x02a5e400 WatcherThread [id=3108]

VM state:not at safepoint (normal execution)

VM Mutex/Monitor currently owned by a thread: None

Heap
 def new generation   total 960K, used 672K [0x22960000, 0x22a60000, 0x22e40000)
  eden space 896K,  75% used [0x22960000, 0x22a08378, 0x22a40000)
  from space 64K,   0% used [0x22a40000, 0x22a40000, 0x22a50000)
  to   space 64K,   0% used [0x22a50000, 0x22a50000, 0x22a60000)
 tenured generation   total 4344K, used 3505K [0x22e40000, 0x2327e000, 0x26960000)
   the space 4344K,  80% used [0x22e40000, 0x231ac4c8, 0x231ac600, 0x2327e000)
 compacting perm gen  total 12288K, used 858K [0x26960000, 0x27560000, 0x2a960000)
   the space 12288K,   6% used [0x26960000, 0x26a36be8, 0x26a36c00, 0x27560000)
    ro space 8192K,  66% used [0x2a960000, 0x2aeac5d0, 0x2aeac600, 0x2b160000)
    rw space 12288K,  52% used [0x2b160000, 0x2b7a8c98, 0x2b7a8e00, 0x2bd60000)

Dynamic libraries:
0x00400000 - 0x00423000 	C:\Program Files\Java\jdk1.6.0_01\jre\bin\java.exe
0x7c900000 - 0x7c9b0000 	C:\WINDOWS\system32\ntdll.dll
0x7c800000 - 0x7c8f4000 	C:\WINDOWS\system32\kernel32.dll
0x77dd0000 - 0x77e6b000 	C:\WINDOWS\system32\ADVAPI32.dll
0x77e70000 - 0x77f01000 	C:\WINDOWS\system32\RPCRT4.dll
0x7c340000 - 0x7c396000 	C:\Program Files\Java\jdk1.6.0_01\jre\bin\msvcr71.dll
0x6d870000 - 0x6dab7000 	C:\Program Files\Java\jdk1.6.0_01\jre\bin\client\jvm.dll
0x77d40000 - 0x77dd0000 	C:\WINDOWS\system32\USER32.dll
0x77f10000 - 0x77f56000 	C:\WINDOWS\system32\GDI32.dll
0x76b40000 - 0x76b6d000 	C:\WINDOWS\system32\WINMM.dll
0x6d3c0000 - 0x6d3c8000 	C:\Program Files\Java\jdk1.6.0_01\jre\bin\hpi.dll
0x76bf0000 - 0x76bfb000 	C:\WINDOWS\system32\PSAPI.DLL
0x6d820000 - 0x6d82c000 	C:\Program Files\Java\jdk1.6.0_01\jre\bin\verify.dll
0x6d460000 - 0x6d47f000 	C:\Program Files\Java\jdk1.6.0_01\jre\bin\java.dll
0x6d860000 - 0x6d86f000 	C:\Program Files\Java\jdk1.6.0_01\jre\bin\zip.dll
0x6d0b0000 - 0x6d273000 	C:\Program Files\Java\jdk1.6.0_01\jre\bin\awt.dll
0x73000000 - 0x73026000 	C:\WINDOWS\system32\WINSPOOL.DRV
0x77c10000 - 0x77c68000 	C:\WINDOWS\system32\msvcrt.dll
0x76390000 - 0x763ad000 	C:\WINDOWS\system32\IMM32.dll
0x774e0000 - 0x7761c000 	C:\WINDOWS\system32\ole32.dll
0x5ad70000 - 0x5ada8000 	C:\WINDOWS\system32\uxtheme.dll
0x73760000 - 0x737a9000 	C:\WINDOWS\system32\ddraw.dll
0x73bc0000 - 0x73bc6000 	C:\WINDOWS\system32\DCIMAN32.dll
0x6d360000 - 0x6d3b3000 	C:\Program Files\Java\jdk1.6.0_01\jre\bin\fontmanager.dll
0x7c9c0000 - 0x7d1d4000 	C:\WINDOWS\system32\shell32.dll
0x77f60000 - 0x77fd6000 	C:\WINDOWS\system32\SHLWAPI.dll
0x773d0000 - 0x774d2000 	C:\WINDOWS\WinSxS\x86_Microsoft.Windows.Common-Controls_6595b64144ccf1df_6.0.2600.2180_x-ww_a84f1ff9\comctl32.dll
0x5d090000 - 0x5d127000 	C:\WINDOWS\system32\comctl32.dll
0x6d620000 - 0x6d633000 	C:\Program Files\Java\jdk1.6.0_01\jre\bin\net.dll
0x71ab0000 - 0x71ac7000 	C:\WINDOWS\system32\WS2_32.dll
0x71aa0000 - 0x71aa8000 	C:\WINDOWS\system32\WS2HELP.dll
0x6d640000 - 0x6d649000 	C:\Program Files\Java\jdk1.6.0_01\jre\bin\nio.dll
0x6d4a0000 - 0x6d4ad000 	C:\Program Files\Java\jdk1.6.0_01\jre\bin\JdbcOdbc.dll
0x74320000 - 0x7435d000 	C:\WINDOWS\system32\ODBC32.dll
0x763b0000 - 0x763f9000 	C:\WINDOWS\system32\comdlg32.dll
0x20000000 - 0x20017000 	C:\WINDOWS\system32\odbcint.dll
0x610a0000 - 0x61137000 	D:\oracle\ora90\BIN\oracore9.dll
0x612a0000 - 0x61308000 	D:\oracle\ora90\BIN\oranls9.dll
0x613a0000 - 0x613af000 	D:\oracle\ora90\BIN\oraunls9.dll
0x60600000 - 0x60754000 	D:\oracle\ora90\bin\OraClient9.Dll
0x60800000 - 0x60806000 	D:\oracle\ora90\bin\oravsn9.dll
0x60500000 - 0x6057e000 	D:\oracle\ora90\bin\oracommon9.dll
0x60300000 - 0x60493000 	D:\oracle\ora90\bin\orageneric9.dll
0x61480000 - 0x61539000 	D:\oracle\ora90\bin\oran9.dll
0x61400000 - 0x6142c000 	D:\oracle\ora90\bin\oranl9.dll
0x61960000 - 0x6196f000 	D:\oracle\ora90\bin\oranldap9.dll
0x615a0000 - 0x61628000 	D:\oracle\ora90\bin\orannzsbb9.dll
0x62000000 - 0x62021000 	D:\oracle\ora90\bin\oraldapclnt9.dll
0x616b0000 - 0x616c3000 	D:\oracle\ora90\bin\orancrypt9.dll
0x71ad0000 - 0x71ad9000 	C:\WINDOWS\system32\WSOCK32.dll
0x77120000 - 0x771ac000 	C:\WINDOWS\system32\OLEAUT32.dll
0x62300000 - 0x62340000 	D:\oracle\ora90\bin\ORATRACE9.dll
0x61730000 - 0x61767000 	D:\oracle\ora90\bin\oranro9.dll
0x617c0000 - 0x617c6000 	D:\oracle\ora90\bin\oranhost9.dll
0x617d0000 - 0x617d6000 	D:\oracle\ora90\bin\oranoname9.dll
0x616a0000 - 0x616a6000 	D:\oracle\ora90\bin\orancds9.dll
0x61820000 - 0x61826000 	D:\oracle\ora90\bin\orantns9.dll
0x64000000 - 0x64007000 	D:\oracle\ora90\bin\oranms.dll
0x64020000 - 0x64030000 	D:\oracle\ora90\bin\oranmsp.dll
0x60a00000 - 0x60c04000 	D:\oracle\ora90\bin\orapls9.dll
0x62500000 - 0x62507000 	D:\oracle\ora90\bin\oraslax9.dll
0x61350000 - 0x61360000 	D:\oracle\ora90\bin\orasnls9.dll
0x60810000 - 0x60816000 	D:\oracle\ora90\bin\orawtc9.dll
0x62600000 - 0x62674000 	D:\oracle\ora90\bin\orasql9.dll
0x5fe80000 - 0x5fe9b000 	C:\WINDOWS\system32\odbccp32.dll
0x77c00000 - 0x77c08000 	C:\WINDOWS\system32\VERSION.dll
0x77fe0000 - 0x77ff1000 	C:\WINDOWS\system32\Secur32.dll
0x61850000 - 0x61858000 	D:\oracle\ora90\bin\oranbeq9.dll
0x61890000 - 0x6189e000 	D:\oracle\ora90\bin\orannts9.dll
0x71f80000 - 0x71f84000 	C:\WINDOWS\system32\security.dll
0x5b860000 - 0x5b8b4000 	C:\WINDOWS\system32\NETAPI32.DLL
0x77c70000 - 0x77c93000 	C:\WINDOWS\system32\msv1_0.dll
0x76d60000 - 0x76d79000 	C:\WINDOWS\system32\iphlpapi.dll
0x05510000 - 0x05597000 	D:\oracle\ora90\BIN\SQORA32.DLL
0x10000000 - 0x1001b000 	D:\oracle\ora90\BIN\OCI.dll
0x04f90000 - 0x04f99000 	C:\oraclexe\app\oracle\product\10.2.0\server\bin\sqresUS.dll
0x7c140000 - 0x7c243000 	C:\oraclexe\app\oracle\product\10.2.0\server\bin\MFC71.DLL

VM Arguments:
java_command: Main.RunProject
Launcher Type: SUN_STANDARD

Environment Variables:
PATH=C:\oraclexe\app\oracle\product\10.2.0\server\bin;D:\oracle\ora90\bin;D:\oracle\ora90\Apache\Perl\5.00503\bin\mswin32-x86;C:\Program Files\Oracle\jre\1.1.8\bin;C:\WINDOWS\system32;C:\WINDOWS;C:\WINDOWS\System32\Wbem;C:\Program Files\Java\jdk1.6.0_07\bin;C:\Program Files\Java\jre1.6.0_07\bin;
USERNAME=scicom
OS=Windows_NT
PROCESSOR_IDENTIFIER=x86 Family 15 Model 75 Stepping 2, AuthenticAMD



---------------  S Y S T E M  ---------------

OS: Windows XP Build 2600 Service Pack 2

CPU:total 2 family 15, cmov, cx8, fxsr, mmx, sse, sse2, mmxext, 3dnowext, 3dnow, ht

Memory: 4k page, physical 981484k(323140k free), swap 2368700k(1444932k free)

vm_info: Java HotSpot(TM) Client VM (1.6.0_01-b06) for windows-x86, built on Mar 14 2007 00:24:02 by "java_re" with unknown MS VC++:1310

